\BOOKMARK [0][-]{chapter.1}{\376\377\0001\000\040\000M\000a\000i\000n\000\040\000P\000a\000g\000e}{}% 1
\BOOKMARK [0][-]{chapter.2}{\376\377\0002\000\040\000H\000i\000e\000r\000a\000r\000c\000h\000i\000c\000a\000l\000\040\000I\000n\000d\000e\000x}{}% 2
\BOOKMARK [1][-]{section.2.1}{\376\377\0002\000.\0001\000\040\000C\000l\000a\000s\000s\000\040\000H\000i\000e\000r\000a\000r\000c\000h\000y}{chapter.2}% 3
\BOOKMARK [0][-]{chapter.3}{\376\377\0003\000\040\000C\000l\000a\000s\000s\000\040\000I\000n\000d\000e\000x}{}% 4
\BOOKMARK [1][-]{section.3.1}{\376\377\0003\000.\0001\000\040\000C\000l\000a\000s\000s\000\040\000L\000i\000s\000t}{chapter.3}% 5
\BOOKMARK [0][-]{chapter.4}{\376\377\0004\000\040\000F\000i\000l\000e\000\040\000I\000n\000d\000e\000x}{}% 6
\BOOKMARK [1][-]{section.4.1}{\376\377\0004\000.\0001\000\040\000F\000i\000l\000e\000\040\000L\000i\000s\000t}{chapter.4}% 7
\BOOKMARK [0][-]{chapter.5}{\376\377\0005\000\040\000C\000l\000a\000s\000s\000\040\000D\000o\000c\000u\000m\000e\000n\000t\000a\000t\000i\000o\000n}{}% 8
\BOOKMARK [1][-]{section.5.1}{\376\377\0005\000.\0001\000\040\000A\000D\000S\0001\0001\0001\0005\000\040\000C\000l\000a\000s\000s\000\040\000R\000e\000f\000e\000r\000e\000n\000c\000e}{chapter.5}% 9
\BOOKMARK [1][-]{section.5.2}{\376\377\0005\000.\0002\000\040\000A\000D\000S\0001\0001\0001\0005\000I\000t\000e\000m\000\040\000C\000l\000a\000s\000s\000\040\000R\000e\000f\000e\000r\000e\000n\000c\000e}{chapter.5}% 10
\BOOKMARK [2][-]{subsection.5.2.1}{\376\377\0005\000.\0002\000.\0001\000\040\000M\000e\000m\000b\000e\000r\000\040\000F\000u\000n\000c\000t\000i\000o\000n\000\040\000D\000o\000c\000u\000m\000e\000n\000t\000a\000t\000i\000o\000n}{section.5.2}% 11
\BOOKMARK [3][-]{subsubsection.5.2.1.1}{\376\377\0005\000.\0002\000.\0001\000.\0001\000\040\000r\000u\000n\000\050\000\051}{subsection.5.2.1}% 12
\BOOKMARK [1][-]{section.5.3}{\376\377\0005\000.\0003\000\040\000B\000M\000E\0002\0008\0000\000\040\000C\000l\000a\000s\000s\000\040\000R\000e\000f\000e\000r\000e\000n\000c\000e}{chapter.5}% 13
\BOOKMARK [2][-]{subsection.5.3.1}{\376\377\0005\000.\0003\000.\0001\000\040\000M\000e\000m\000b\000e\000r\000\040\000F\000u\000n\000c\000t\000i\000o\000n\000\040\000D\000o\000c\000u\000m\000e\000n\000t\000a\000t\000i\000o\000n}{section.5.3}% 14
\BOOKMARK [3][-]{subsubsection.5.3.1.1}{\376\377\0005\000.\0003\000.\0001\000.\0001\000\040\000c\000o\000m\000p\000e\000n\000s\000a\000t\000e\000\137\000h\000u\000m\000i\000d\000i\000t\000y\000\050\000\051}{subsection.5.3.1}% 15
\BOOKMARK [3][-]{subsubsection.5.3.1.2}{\376\377\0005\000.\0003\000.\0001\000.\0002\000\040\000c\000o\000m\000p\000e\000n\000s\000a\000t\000e\000\137\000p\000r\000e\000s\000s\000u\000r\000e\000\050\000\051}{subsection.5.3.1}% 16
\BOOKMARK [3][-]{subsubsection.5.3.1.3}{\376\377\0005\000.\0003\000.\0001\000.\0003\000\040\000c\000o\000m\000p\000e\000n\000s\000a\000t\000e\000\137\000t\000e\000m\000p\000e\000r\000a\000t\000u\000r\000e\000\050\000\051}{subsection.5.3.1}% 17
\BOOKMARK [1][-]{section.5.4}{\376\377\0005\000.\0004\000\040\000B\000M\000E\0002\0008\0000\000I\000t\000e\000m\000\040\000C\000l\000a\000s\000s\000\040\000R\000e\000f\000e\000r\000e\000n\000c\000e}{chapter.5}% 18
\BOOKMARK [2][-]{subsection.5.4.1}{\376\377\0005\000.\0004\000.\0001\000\040\000M\000e\000m\000b\000e\000r\000\040\000F\000u\000n\000c\000t\000i\000o\000n\000\040\000D\000o\000c\000u\000m\000e\000n\000t\000a\000t\000i\000o\000n}{section.5.4}% 19
\BOOKMARK [3][-]{subsubsection.5.4.1.1}{\376\377\0005\000.\0004\000.\0001\000.\0001\000\040\000r\000u\000n\000\050\000\051}{subsection.5.4.1}% 20
\BOOKMARK [1][-]{section.5.5}{\376\377\0005\000.\0005\000\040\000C\000u\000s\000t\000o\000m\000P\000l\000o\000t\000I\000t\000e\000m\000\040\000C\000l\000a\000s\000s\000\040\000R\000e\000f\000e\000r\000e\000n\000c\000e}{chapter.5}% 21
\BOOKMARK [1][-]{section.5.6}{\376\377\0005\000.\0006\000\040\000D\000a\000t\000a\000A\000n\000a\000l\000y\000s\000e\000r\000\040\000C\000l\000a\000s\000s\000\040\000R\000e\000f\000e\000r\000e\000n\000c\000e}{chapter.5}% 22
\BOOKMARK [2][-]{subsection.5.6.1}{\376\377\0005\000.\0006\000.\0001\000\040\000M\000e\000m\000b\000e\000r\000\040\000F\000u\000n\000c\000t\000i\000o\000n\000\040\000D\000o\000c\000u\000m\000e\000n\000t\000a\000t\000i\000o\000n}{section.5.6}% 23
\BOOKMARK [3][-]{subsubsection.5.6.1.1}{\376\377\0005\000.\0006\000.\0001\000.\0001\000\040\000m\000s\000l\000e\000e\000p\000\050\000\051}{subsection.5.6.1}% 24
\BOOKMARK [3][-]{subsubsection.5.6.1.2}{\376\377\0005\000.\0006\000.\0001\000.\0002\000\040\000r\000u\000n\000\050\000\051}{subsection.5.6.1}% 25
\BOOKMARK [1][-]{section.5.7}{\376\377\0005\000.\0007\000\040\000D\000a\000t\000a\000F\000r\000a\000m\000e\000\040\000C\000l\000a\000s\000s\000\040\000R\000e\000f\000e\000r\000e\000n\000c\000e}{chapter.5}% 26
\BOOKMARK [2][-]{subsection.5.7.1}{\376\377\0005\000.\0007\000.\0001\000\040\000M\000e\000m\000b\000e\000r\000\040\000F\000u\000n\000c\000t\000i\000o\000n\000\040\000D\000o\000c\000u\000m\000e\000n\000t\000a\000t\000i\000o\000n}{section.5.7}% 27
\BOOKMARK [3][-]{subsubsection.5.7.1.1}{\376\377\0005\000.\0007\000.\0001\000.\0001\000\040\000A\000D\000S\0001\0001\0005\000\137\0001\000\137\000c\000h\000a\000n\0000\000\050\000\051}{subsection.5.7.1}% 28
\BOOKMARK [3][-]{subsubsection.5.7.1.2}{\376\377\0005\000.\0007\000.\0001\000.\0002\000\040\000A\000D\000S\0001\0001\0005\000\137\0001\000\137\000c\000h\000a\000n\0001\000\050\000\051}{subsection.5.7.1}% 29
\BOOKMARK [3][-]{subsubsection.5.7.1.3}{\376\377\0005\000.\0007\000.\0001\000.\0003\000\040\000A\000D\000S\0001\0001\0005\000\137\0001\000\137\000c\000h\000a\000n\0002\000\050\000\051}{subsection.5.7.1}% 30
\BOOKMARK [3][-]{subsubsection.5.7.1.4}{\376\377\0005\000.\0007\000.\0001\000.\0004\000\040\000A\000D\000S\0001\0001\0005\000\137\0001\000\137\000c\000h\000a\000n\0003\000\050\000\051}{subsection.5.7.1}% 31
\BOOKMARK [3][-]{subsubsection.5.7.1.5}{\376\377\0005\000.\0007\000.\0001\000.\0005\000\040\000A\000D\000S\0001\0001\0005\000\137\0002\000\137\000c\000h\000a\000n\0000\000\050\000\051}{subsection.5.7.1}% 32
\BOOKMARK [3][-]{subsubsection.5.7.1.6}{\376\377\0005\000.\0007\000.\0001\000.\0006\000\040\000A\000D\000S\0001\0001\0005\000\137\0002\000\137\000c\000h\000a\000n\0001\000\050\000\051}{subsection.5.7.1}% 33
\BOOKMARK [3][-]{subsubsection.5.7.1.7}{\376\377\0005\000.\0007\000.\0001\000.\0007\000\040\000A\000D\000S\0001\0001\0005\000\137\0002\000\137\000c\000h\000a\000n\0002\000\050\000\051}{subsection.5.7.1}% 34
\BOOKMARK [3][-]{subsubsection.5.7.1.8}{\376\377\0005\000.\0007\000.\0001\000.\0008\000\040\000A\000D\000S\0001\0001\0005\000\137\0002\000\137\000c\000h\000a\000n\0003\000\050\000\051}{subsection.5.7.1}% 35
\BOOKMARK [3][-]{subsubsection.5.7.1.9}{\376\377\0005\000.\0007\000.\0001\000.\0009\000\040\000B\000M\000E\0002\0008\0000\000\137\000h\000u\000m\000i\000d\000i\000t\000y\000\050\000\051}{subsection.5.7.1}% 36
\BOOKMARK [3][-]{subsubsection.5.7.1.10}{\376\377\0005\000.\0007\000.\0001\000.\0001\0000\000\040\000B\000M\000E\0002\0008\0000\000\137\000p\000r\000e\000s\000s\000u\000r\000e\000\050\000\051}{subsection.5.7.1}% 37
\BOOKMARK [3][-]{subsubsection.5.7.1.11}{\376\377\0005\000.\0007\000.\0001\000.\0001\0001\000\040\000B\000M\000E\0002\0008\0000\000\137\000t\000e\000m\000p\000e\000r\000a\000t\000u\000r\000e\000\050\000\051}{subsection.5.7.1}% 38
\BOOKMARK [3][-]{subsubsection.5.7.1.12}{\376\377\0005\000.\0007\000.\0001\000.\0001\0002\000\040\000m\000s\000b\000C\000P\000T\000\050\000\051}{subsection.5.7.1}% 39
\BOOKMARK [3][-]{subsubsection.5.7.1.13}{\376\377\0005\000.\0007\000.\0001\000.\0001\0003\000\040\000s\000e\000t\000A\000D\000S\0001\0001\0005\000\137\0001\000\137\000c\000h\000a\000n\0000\000\050\000\051}{subsection.5.7.1}% 40
\BOOKMARK [3][-]{subsubsection.5.7.1.14}{\376\377\0005\000.\0007\000.\0001\000.\0001\0004\000\040\000s\000e\000t\000A\000D\000S\0001\0001\0005\000\137\0001\000\137\000c\000h\000a\000n\0001\000\050\000\051}{subsection.5.7.1}% 41
\BOOKMARK [3][-]{subsubsection.5.7.1.15}{\376\377\0005\000.\0007\000.\0001\000.\0001\0005\000\040\000s\000e\000t\000A\000D\000S\0001\0001\0005\000\137\0001\000\137\000c\000h\000a\000n\0002\000\050\000\051}{subsection.5.7.1}% 42
\BOOKMARK [3][-]{subsubsection.5.7.1.16}{\376\377\0005\000.\0007\000.\0001\000.\0001\0006\000\040\000s\000e\000t\000A\000D\000S\0001\0001\0005\000\137\0001\000\137\000c\000h\000a\000n\0003\000\050\000\051}{subsection.5.7.1}% 43
\BOOKMARK [3][-]{subsubsection.5.7.1.17}{\376\377\0005\000.\0007\000.\0001\000.\0001\0007\000\040\000s\000e\000t\000A\000D\000S\0001\0001\0005\000\137\0002\000\137\000c\000h\000a\000n\0000\000\050\000\051}{subsection.5.7.1}% 44
\BOOKMARK [3][-]{subsubsection.5.7.1.18}{\376\377\0005\000.\0007\000.\0001\000.\0001\0008\000\040\000s\000e\000t\000A\000D\000S\0001\0001\0005\000\137\0002\000\137\000c\000h\000a\000n\0001\000\050\000\051}{subsection.5.7.1}% 45
\BOOKMARK [3][-]{subsubsection.5.7.1.19}{\376\377\0005\000.\0007\000.\0001\000.\0001\0009\000\040\000s\000e\000t\000A\000D\000S\0001\0001\0005\000\137\0002\000\137\000c\000h\000a\000n\0002\000\050\000\051}{subsection.5.7.1}% 46
\BOOKMARK [3][-]{subsubsection.5.7.1.20}{\376\377\0005\000.\0007\000.\0001\000.\0002\0000\000\040\000s\000e\000t\000A\000D\000S\0001\0001\0005\000\137\0002\000\137\000c\000h\000a\000n\0003\000\050\000\051}{subsection.5.7.1}% 47
\BOOKMARK [3][-]{subsubsection.5.7.1.21}{\376\377\0005\000.\0007\000.\0001\000.\0002\0001\000\040\000s\000e\000t\000B\000M\000E\0002\0008\0000\000\137\000h\000u\000m\000i\000d\000i\000t\000y\000\050\000\051}{subsection.5.7.1}% 48
\BOOKMARK [3][-]{subsubsection.5.7.1.22}{\376\377\0005\000.\0007\000.\0001\000.\0002\0002\000\040\000s\000e\000t\000B\000M\000E\0002\0008\0000\000\137\000p\000r\000e\000s\000s\000u\000r\000e\000\050\000\051}{subsection.5.7.1}% 49
\BOOKMARK [3][-]{subsubsection.5.7.1.23}{\376\377\0005\000.\0007\000.\0001\000.\0002\0003\000\040\000s\000e\000t\000B\000M\000E\0002\0008\0000\000\137\000t\000e\000m\000p\000e\000r\000a\000t\000u\000r\000e\000\050\000\051}{subsection.5.7.1}% 50
\BOOKMARK [3][-]{subsubsection.5.7.1.24}{\376\377\0005\000.\0007\000.\0001\000.\0002\0004\000\040\000s\000e\000t\000M\000s\000b\000C\000P\000T\000\050\000\051}{subsection.5.7.1}% 51
\BOOKMARK [1][-]{section.5.8}{\376\377\0005\000.\0008\000\040\000D\000a\000t\000a\000M\000a\000n\000a\000g\000e\000r\000\040\000C\000l\000a\000s\000s\000\040\000R\000e\000f\000e\000r\000e\000n\000c\000e}{chapter.5}% 52
\BOOKMARK [2][-]{subsection.5.8.1}{\376\377\0005\000.\0008\000.\0001\000\040\000C\000o\000n\000s\000t\000r\000u\000c\000t\000o\000r\000\040\000\046\000\040\000D\000e\000s\000t\000r\000u\000c\000t\000o\000r\000\040\000D\000o\000c\000u\000m\000e\000n\000t\000a\000t\000i\000o\000n}{section.5.8}% 53
\BOOKMARK [3][-]{subsubsection.5.8.1.1}{\376\377\0005\000.\0008\000.\0001\000.\0001\000\040\000D\000a\000t\000a\000M\000a\000n\000a\000g\000e\000r\000\050\000\051}{subsection.5.8.1}% 54
\BOOKMARK [2][-]{subsection.5.8.2}{\376\377\0005\000.\0008\000.\0002\000\040\000M\000e\000m\000b\000e\000r\000\040\000F\000u\000n\000c\000t\000i\000o\000n\000\040\000D\000o\000c\000u\000m\000e\000n\000t\000a\000t\000i\000o\000n}{section.5.8}% 55
\BOOKMARK [3][-]{subsubsection.5.8.2.1}{\376\377\0005\000.\0008\000.\0002\000.\0001\000\040\000A\000D\000S\0001\0001\0001\0005\000\137\0001\000\050\000\051}{subsection.5.8.2}% 56
\BOOKMARK [3][-]{subsubsection.5.8.2.2}{\376\377\0005\000.\0008\000.\0002\000.\0002\000\040\000A\000D\000S\0001\0001\0001\0005\000\137\0002\000\050\000\051}{subsection.5.8.2}% 57
\BOOKMARK [3][-]{subsubsection.5.8.2.3}{\376\377\0005\000.\0008\000.\0002\000.\0003\000\040\000B\000M\000E\0002\0008\0000\000\050\000\051}{subsection.5.8.2}% 58
\BOOKMARK [3][-]{subsubsection.5.8.2.4}{\376\377\0005\000.\0008\000.\0002\000.\0004\000\040\000m\000s\000l\000e\000e\000p\000\050\000\051}{subsection.5.8.2}% 59
\BOOKMARK [3][-]{subsubsection.5.8.2.5}{\376\377\0005\000.\0008\000.\0002\000.\0005\000\040\000r\000u\000n\000\050\000\051}{subsection.5.8.2}% 60
\BOOKMARK [3][-]{subsubsection.5.8.2.6}{\376\377\0005\000.\0008\000.\0002\000.\0006\000\040\000s\000e\000t\000A\000D\000S\0001\0001\0001\0005\000\137\0001\000\050\000\051}{subsection.5.8.2}% 61
\BOOKMARK [3][-]{subsubsection.5.8.2.7}{\376\377\0005\000.\0008\000.\0002\000.\0007\000\040\000s\000e\000t\000A\000D\000S\0001\0001\0001\0005\000\137\0002\000\050\000\051}{subsection.5.8.2}% 62
\BOOKMARK [3][-]{subsubsection.5.8.2.8}{\376\377\0005\000.\0008\000.\0002\000.\0008\000\040\000s\000e\000t\000B\000M\000E\0002\0008\0000\000\050\000\051}{subsection.5.8.2}% 63
\BOOKMARK [3][-]{subsubsection.5.8.2.9}{\376\377\0005\000.\0008\000.\0002\000.\0009\000\040\000s\000t\000a\000r\000t\000R\000e\000a\000d\000i\000n\000g\000\050\000\051}{subsection.5.8.2}% 64
\BOOKMARK [1][-]{section.5.9}{\376\377\0005\000.\0009\000\040\000E\000\137\000P\000l\000o\000t\000S\000t\000y\000l\000e\000\040\000S\000t\000r\000u\000c\000t\000\040\000R\000e\000f\000e\000r\000e\000n\000c\000e}{chapter.5}% 65
\BOOKMARK [2][-]{subsection.5.9.1}{\376\377\0005\000.\0009\000.\0001\000\040\000D\000e\000t\000a\000i\000l\000e\000d\000\040\000D\000e\000s\000c\000r\000i\000p\000t\000i\000o\000n}{section.5.9}% 66
\BOOKMARK [1][-]{section.5.10}{\376\377\0005\000.\0001\0000\000\040\000E\000\137\000T\000a\000n\000k\000L\000i\000q\000u\000i\000d\000I\000n\000s\000i\000d\000e\000\040\000S\000t\000r\000u\000c\000t\000\040\000R\000e\000f\000e\000r\000e\000n\000c\000e}{chapter.5}% 67
\BOOKMARK [2][-]{subsection.5.10.1}{\376\377\0005\000.\0001\0000\000.\0001\000\040\000D\000e\000t\000a\000i\000l\000e\000d\000\040\000D\000e\000s\000c\000r\000i\000p\000t\000i\000o\000n}{section.5.10}% 68
\BOOKMARK [1][-]{section.5.11}{\376\377\0005\000.\0001\0001\000\040\000E\000\137\000T\000a\000n\000k\000L\000i\000q\000u\000i\000d\000I\000n\000s\000i\000d\000e\000\040\000S\000t\000r\000u\000c\000t\000\040\000R\000e\000f\000e\000r\000e\000n\000c\000e}{chapter.5}% 69
\BOOKMARK [2][-]{subsection.5.11.1}{\376\377\0005\000.\0001\0001\000.\0001\000\040\000D\000e\000t\000a\000i\000l\000e\000d\000\040\000D\000e\000s\000c\000r\000i\000p\000t\000i\000o\000n}{section.5.11}% 70
\BOOKMARK [1][-]{section.5.12}{\376\377\0005\000.\0001\0002\000\040\000E\000\137\000T\000a\000n\000k\000O\000b\000j\000e\000c\000t\000N\000a\000m\000e\000\040\000S\000t\000r\000u\000c\000t\000\040\000R\000e\000f\000e\000r\000e\000n\000c\000e}{chapter.5}% 71
\BOOKMARK [2][-]{subsection.5.12.1}{\376\377\0005\000.\0001\0002\000.\0001\000\040\000D\000e\000t\000a\000i\000l\000e\000d\000\040\000D\000e\000s\000c\000r\000i\000p\000t\000i\000o\000n}{section.5.12}% 72
\BOOKMARK [1][-]{section.5.13}{\376\377\0005\000.\0001\0003\000\040\000E\000\137\000T\000a\000n\000k\000O\000b\000j\000e\000c\000t\000N\000a\000m\000e\000\040\000S\000t\000r\000u\000c\000t\000\040\000R\000e\000f\000e\000r\000e\000n\000c\000e}{chapter.5}% 73
\BOOKMARK [2][-]{subsection.5.13.1}{\376\377\0005\000.\0001\0003\000.\0001\000\040\000D\000e\000t\000a\000i\000l\000e\000d\000\040\000D\000e\000s\000c\000r\000i\000p\000t\000i\000o\000n}{section.5.13}% 74
\BOOKMARK [1][-]{section.5.14}{\376\377\0005\000.\0001\0004\000\040\000E\000\137\000T\000a\000n\000k\000O\000b\000j\000e\000c\000t\000N\000a\000m\000e\000\040\000S\000t\000r\000u\000c\000t\000\040\000R\000e\000f\000e\000r\000e\000n\000c\000e}{chapter.5}% 75
\BOOKMARK [2][-]{subsection.5.14.1}{\376\377\0005\000.\0001\0004\000.\0001\000\040\000D\000e\000t\000a\000i\000l\000e\000d\000\040\000D\000e\000s\000c\000r\000i\000p\000t\000i\000o\000n}{section.5.14}% 76
\BOOKMARK [1][-]{section.5.15}{\376\377\0005\000.\0001\0005\000\040\000E\000\137\000T\000a\000n\000k\000O\000b\000j\000e\000c\000t\000N\000a\000m\000e\000\040\000S\000t\000r\000u\000c\000t\000\040\000R\000e\000f\000e\000r\000e\000n\000c\000e}{chapter.5}% 77
\BOOKMARK [2][-]{subsection.5.15.1}{\376\377\0005\000.\0001\0005\000.\0001\000\040\000D\000e\000t\000a\000i\000l\000e\000d\000\040\000D\000e\000s\000c\000r\000i\000p\000t\000i\000o\000n}{section.5.15}% 78
\BOOKMARK [1][-]{section.5.16}{\376\377\0005\000.\0001\0006\000\040\000e\000B\000P\000S\000t\000a\000r\000t\000S\000t\000o\000p\000S\000t\000a\000t\000e\000\040\000S\000t\000r\000u\000c\000t\000\040\000R\000e\000f\000e\000r\000e\000n\000c\000e}{chapter.5}% 79
\BOOKMARK [2][-]{subsection.5.16.1}{\376\377\0005\000.\0001\0006\000.\0001\000\040\000D\000e\000t\000a\000i\000l\000e\000d\000\040\000D\000e\000s\000c\000r\000i\000p\000t\000i\000o\000n}{section.5.16}% 80
\BOOKMARK [1][-]{section.5.17}{\376\377\0005\000.\0001\0007\000\040\000e\000E\000d\000g\000e\000\040\000S\000t\000r\000u\000c\000t\000\040\000R\000e\000f\000e\000r\000e\000n\000c\000e}{chapter.5}% 81
\BOOKMARK [2][-]{subsection.5.17.1}{\376\377\0005\000.\0001\0007\000.\0001\000\040\000D\000e\000t\000a\000i\000l\000e\000d\000\040\000D\000e\000s\000c\000r\000i\000p\000t\000i\000o\000n}{section.5.17}% 82
\BOOKMARK [1][-]{section.5.18}{\376\377\0005\000.\0001\0008\000\040\000e\000E\000r\000r\000o\000r\000\040\000S\000t\000r\000u\000c\000t\000\040\000R\000e\000f\000e\000r\000e\000n\000c\000e}{chapter.5}% 83
\BOOKMARK [2][-]{subsection.5.18.1}{\376\377\0005\000.\0001\0008\000.\0001\000\040\000D\000e\000t\000a\000i\000l\000e\000d\000\040\000D\000e\000s\000c\000r\000i\000p\000t\000i\000o\000n}{section.5.18}% 84
\BOOKMARK [1][-]{section.5.19}{\376\377\0005\000.\0001\0009\000\040\000e\000E\000r\000r\000o\000r\000\040\000S\000t\000r\000u\000c\000t\000\040\000R\000e\000f\000e\000r\000e\000n\000c\000e}{chapter.5}% 85
\BOOKMARK [2][-]{subsection.5.19.1}{\376\377\0005\000.\0001\0009\000.\0001\000\040\000D\000e\000t\000a\000i\000l\000e\000d\000\040\000D\000e\000s\000c\000r\000i\000p\000t\000i\000o\000n}{section.5.19}% 86
\BOOKMARK [1][-]{section.5.20}{\376\377\0005\000.\0002\0000\000\040\000e\000F\000T\000D\000I\000R\000e\000t\000u\000r\000n\000C\000h\000a\000r\000a\000c\000t\000e\000r\000\040\000S\000t\000r\000u\000c\000t\000\040\000R\000e\000f\000e\000r\000e\000n\000c\000e}{chapter.5}% 87
\BOOKMARK [2][-]{subsection.5.20.1}{\376\377\0005\000.\0002\0000\000.\0001\000\040\000D\000e\000t\000a\000i\000l\000e\000d\000\040\000D\000e\000s\000c\000r\000i\000p\000t\000i\000o\000n}{section.5.20}% 88
\BOOKMARK [1][-]{section.5.21}{\376\377\0005\000.\0002\0001\000\040\000e\000F\000T\000D\000I\000S\000t\000a\000t\000e\000P\000o\000s\000s\000i\000b\000l\000e\000\040\000S\000t\000r\000u\000c\000t\000\040\000R\000e\000f\000e\000r\000e\000n\000c\000e}{chapter.5}% 89
\BOOKMARK [2][-]{subsection.5.21.1}{\376\377\0005\000.\0002\0001\000.\0001\000\040\000D\000e\000t\000a\000i\000l\000e\000d\000\040\000D\000e\000s\000c\000r\000i\000p\000t\000i\000o\000n}{section.5.21}% 90
\BOOKMARK [1][-]{section.5.22}{\376\377\0005\000.\0002\0002\000\040\000e\000L\000o\000g\000i\000c\000O\000p\000e\000r\000a\000t\000o\000r\000\040\000S\000t\000r\000u\000c\000t\000\040\000R\000e\000f\000e\000r\000e\000n\000c\000e}{chapter.5}% 91
\BOOKMARK [2][-]{subsection.5.22.1}{\376\377\0005\000.\0002\0002\000.\0001\000\040\000D\000e\000t\000a\000i\000l\000e\000d\000\040\000D\000e\000s\000c\000r\000i\000p\000t\000i\000o\000n}{section.5.22}% 92
\BOOKMARK [1][-]{section.5.23}{\376\377\0005\000.\0002\0003\000\040\000e\000M\000a\000i\000n\000S\000t\000a\000t\000e\000A\000p\000p\000l\000i\000c\000a\000t\000i\000o\000n\000\040\000S\000t\000r\000u\000c\000t\000\040\000R\000e\000f\000e\000r\000e\000n\000c\000e}{chapter.5}% 93
\BOOKMARK [2][-]{subsection.5.23.1}{\376\377\0005\000.\0002\0003\000.\0001\000\040\000D\000e\000t\000a\000i\000l\000e\000d\000\040\000D\000e\000s\000c\000r\000i\000p\000t\000i\000o\000n}{section.5.23}% 94
\BOOKMARK [1][-]{section.5.24}{\376\377\0005\000.\0002\0004\000\040\000e\000M\000a\000i\000n\000S\000t\000a\000t\000e\000D\000i\000s\000p\000l\000a\000y\000\040\000S\000t\000r\000u\000c\000t\000\040\000R\000e\000f\000e\000r\000e\000n\000c\000e}{chapter.5}% 95
\BOOKMARK [2][-]{subsection.5.24.1}{\376\377\0005\000.\0002\0004\000.\0001\000\040\000D\000e\000t\000a\000i\000l\000e\000d\000\040\000D\000e\000s\000c\000r\000i\000p\000t\000i\000o\000n}{section.5.24}% 96
\BOOKMARK [1][-]{section.5.25}{\376\377\0005\000.\0002\0005\000\040\000e\000P\000e\000r\000i\000o\000d\000e\000P\000o\000s\000s\000i\000b\000l\000e\000\040\000S\000t\000r\000u\000c\000t\000\040\000R\000e\000f\000e\000r\000e\000n\000c\000e}{chapter.5}% 97
\BOOKMARK [2][-]{subsection.5.25.1}{\376\377\0005\000.\0002\0005\000.\0001\000\040\000D\000e\000t\000a\000i\000l\000e\000d\000\040\000D\000e\000s\000c\000r\000i\000p\000t\000i\000o\000n}{section.5.25}% 98
\BOOKMARK [1][-]{section.5.26}{\376\377\0005\000.\0002\0006\000\040\000e\000R\000a\000n\000g\000e\000V\000a\000l\000u\000e\000\040\000S\000t\000r\000u\000c\000t\000\040\000R\000e\000f\000e\000r\000e\000n\000c\000e}{chapter.5}% 99
\BOOKMARK [2][-]{subsection.5.26.1}{\376\377\0005\000.\0002\0006\000.\0001\000\040\000D\000e\000t\000a\000i\000l\000e\000d\000\040\000D\000e\000s\000c\000r\000i\000p\000t\000i\000o\000n}{section.5.26}% 100
\BOOKMARK [1][-]{section.5.27}{\376\377\0005\000.\0002\0007\000\040\000e\000R\000o\000l\000l\000S\000t\000a\000t\000e\000\040\000S\000t\000r\000u\000c\000t\000\040\000R\000e\000f\000e\000r\000e\000n\000c\000e}{chapter.5}% 101
\BOOKMARK [2][-]{subsection.5.27.1}{\376\377\0005\000.\0002\0007\000.\0001\000\040\000D\000e\000t\000a\000i\000l\000e\000d\000\040\000D\000e\000s\000c\000r\000i\000p\000t\000i\000o\000n}{section.5.27}% 102
\BOOKMARK [1][-]{section.5.28}{\376\377\0005\000.\0002\0008\000\040\000E\000r\000r\000o\000r\000M\000a\000n\000a\000g\000e\000r\000\040\000C\000l\000a\000s\000s\000\040\000R\000e\000f\000e\000r\000e\000n\000c\000e}{chapter.5}% 103
\BOOKMARK [2][-]{subsection.5.28.1}{\376\377\0005\000.\0002\0008\000.\0001\000\040\000M\000e\000m\000b\000e\000r\000\040\000F\000u\000n\000c\000t\000i\000o\000n\000\040\000D\000o\000c\000u\000m\000e\000n\000t\000a\000t\000i\000o\000n}{section.5.28}% 104
\BOOKMARK [3][-]{subsubsection.5.28.1.1}{\376\377\0005\000.\0002\0008\000.\0001\000.\0001\000\040\000\137\000d\000i\000s\000p\000l\000a\000y\000M\000e\000s\000s\000a\000g\000e\000\050\000\051}{subsection.5.28.1}% 105
\BOOKMARK [3][-]{subsubsection.5.28.1.2}{\376\377\0005\000.\0002\0008\000.\0001\000.\0002\000\040\000\137\000s\000e\000t\000C\000o\000l\000o\000r\000\050\000\051}{subsection.5.28.1}% 106
\BOOKMARK [1][-]{section.5.29}{\376\377\0005\000.\0002\0009\000\040\000E\000r\000r\000o\000r\000M\000e\000s\000s\000a\000g\000e\000\040\000C\000l\000a\000s\000s\000\040\000R\000e\000f\000e\000r\000e\000n\000c\000e}{chapter.5}% 107
\BOOKMARK [1][-]{section.5.30}{\376\377\0005\000.\0003\0000\000\040\000e\000T\000r\000a\000c\000e\000P\000o\000s\000s\000i\000b\000l\000e\000\040\000S\000t\000r\000u\000c\000t\000\040\000R\000e\000f\000e\000r\000e\000n\000c\000e}{chapter.5}% 108
\BOOKMARK [2][-]{subsection.5.30.1}{\376\377\0005\000.\0003\0000\000.\0001\000\040\000D\000e\000t\000a\000i\000l\000e\000d\000\040\000D\000e\000s\000c\000r\000i\000p\000t\000i\000o\000n}{section.5.30}% 109
\BOOKMARK [1][-]{section.5.31}{\376\377\0005\000.\0003\0001\000\040\000e\000T\000r\000i\000g\000S\000t\000a\000t\000e\000\040\000S\000t\000r\000u\000c\000t\000\040\000R\000e\000f\000e\000r\000e\000n\000c\000e}{chapter.5}% 110
\BOOKMARK [2][-]{subsection.5.31.1}{\376\377\0005\000.\0003\0001\000.\0001\000\040\000D\000e\000t\000a\000i\000l\000e\000d\000\040\000D\000e\000s\000c\000r\000i\000p\000t\000i\000o\000n}{section.5.31}% 111
\BOOKMARK [1][-]{section.5.32}{\376\377\0005\000.\0003\0002\000\040\000G\000l\000o\000b\000a\000l\000E\000n\000u\000m\000a\000t\000e\000d\000A\000n\000d\000E\000x\000t\000e\000r\000n\000\040\000C\000l\000a\000s\000s\000\040\000R\000e\000f\000e\000r\000e\000n\000c\000e}{chapter.5}% 112
\BOOKMARK [2][-]{subsection.5.32.1}{\376\377\0005\000.\0003\0002\000.\0001\000\040\000M\000e\000m\000b\000e\000r\000\040\000E\000n\000u\000m\000e\000r\000a\000t\000i\000o\000n\000\040\000D\000o\000c\000u\000m\000e\000n\000t\000a\000t\000i\000o\000n}{section.5.32}% 113
\BOOKMARK [3][-]{subsubsection.5.32.1.1}{\376\377\0005\000.\0003\0002\000.\0001\000.\0001\000\040\000E\000\137\000T\000a\000n\000k\000O\000b\000j\000e\000c\000t\000N\000a\000m\000e}{subsection.5.32.1}% 114
\BOOKMARK [1][-]{section.5.33}{\376\377\0005\000.\0003\0003\000\040\000G\000l\000o\000b\000a\000l\000E\000n\000u\000m\000e\000r\000a\000t\000e\000\040\000C\000l\000a\000s\000s\000\040\000R\000e\000f\000e\000r\000e\000n\000c\000e}{chapter.5}% 115
\BOOKMARK [2][-]{subsection.5.33.1}{\376\377\0005\000.\0003\0003\000.\0001\000\040\000M\000e\000m\000b\000e\000r\000\040\000E\000n\000u\000m\000e\000r\000a\000t\000i\000o\000n\000\040\000D\000o\000c\000u\000m\000e\000n\000t\000a\000t\000i\000o\000n}{section.5.33}% 116
\BOOKMARK [3][-]{subsubsection.5.33.1.1}{\376\377\0005\000.\0003\0003\000.\0001\000.\0001\000\040\000E\000\137\000E\000r\000r\000o\000r\000M\000e\000s\000s\000e\000a\000g\000e}{subsection.5.33.1}% 117
\BOOKMARK [3][-]{subsubsection.5.33.1.2}{\376\377\0005\000.\0003\0003\000.\0001\000.\0002\000\040\000E\000\137\000H\000o\000m\000e\000P\000a\000g\000e\000O\000b\000j\000e\000c\000t}{subsection.5.33.1}% 118
\BOOKMARK [3][-]{subsubsection.5.33.1.3}{\376\377\0005\000.\0003\0003\000.\0001\000.\0003\000\040\000E\000\137\000P\000l\000o\000t\000S\000t\000y\000l\000e}{subsection.5.33.1}% 119
\BOOKMARK [3][-]{subsubsection.5.33.1.4}{\376\377\0005\000.\0003\0003\000.\0001\000.\0004\000\040\000E\000\137\000S\000t\000a\000t\000e\000M\000a\000c\000h\000i\000n\000e}{subsection.5.33.1}% 120
\BOOKMARK [3][-]{subsubsection.5.33.1.5}{\376\377\0005\000.\0003\0003\000.\0001\000.\0005\000\040\000E\000\137\000T\000a\000n\000k\000L\000i\000q\000u\000i\000d\000I\000n\000s\000i\000d\000e}{subsection.5.33.1}% 121
\BOOKMARK [3][-]{subsubsection.5.33.1.6}{\376\377\0005\000.\0003\0003\000.\0001\000.\0006\000\040\000E\000\137\000T\000a\000n\000k\000O\000b\000j\000e\000c\000t\000N\000a\000m\000e}{subsection.5.33.1}% 122
\BOOKMARK [1][-]{section.5.34}{\376\377\0005\000.\0003\0004\000\040\000G\000l\000o\000b\000a\000l\000e\000S\000t\000a\000t\000i\000c\000V\000a\000l\000u\000e\000\040\000C\000l\000a\000s\000s\000\040\000R\000e\000f\000e\000r\000e\000n\000c\000e}{chapter.5}% 123
\BOOKMARK [2][-]{subsection.5.34.1}{\376\377\0005\000.\0003\0004\000.\0001\000\040\000M\000e\000m\000b\000e\000r\000\040\000F\000u\000n\000c\000t\000i\000o\000n\000\040\000D\000o\000c\000u\000m\000e\000n\000t\000a\000t\000i\000o\000n}{section.5.34}% 124
\BOOKMARK [3][-]{subsubsection.5.34.1.1}{\376\377\0005\000.\0003\0004\000.\0001\000.\0001\000\040\000i\000n\000i\000t\000E\000r\000r\000o\000r\000P\000o\000s\000s\000i\000b\000l\000e\000\050\000\051}{subsection.5.34.1}% 125
\BOOKMARK [3][-]{subsubsection.5.34.1.2}{\376\377\0005\000.\0003\0004\000.\0001\000.\0002\000\040\000i\000n\000i\000t\000H\000o\000m\000e\000V\000i\000e\000w\000O\000b\000j\000e\000c\000t\000\050\000\051}{subsection.5.34.1}% 126
\BOOKMARK [3][-]{subsubsection.5.34.1.3}{\376\377\0005\000.\0003\0004\000.\0001\000.\0003\000\040\000i\000n\000i\000t\000T\000a\000n\000k\000O\000b\000j\000e\000c\000t\000N\000a\000m\000e\000\050\000\051}{subsection.5.34.1}% 127
\BOOKMARK [2][-]{subsection.5.34.2}{\376\377\0005\000.\0003\0004\000.\0002\000\040\000M\000e\000m\000b\000e\000r\000\040\000D\000a\000t\000a\000\040\000D\000o\000c\000u\000m\000e\000n\000t\000a\000t\000i\000o\000n}{section.5.34}% 128
\BOOKMARK [3][-]{subsubsection.5.34.2.1}{\376\377\0005\000.\0003\0004\000.\0002\000.\0001\000\040\000w\000e\000l\000c\000o\000m\000e\000T\000e\000x\000t}{subsection.5.34.2}% 129
\BOOKMARK [1][-]{section.5.35}{\376\377\0005\000.\0003\0005\000\040\000G\000l\000o\000b\000a\000l\000S\000t\000y\000l\000e\000\040\000C\000l\000a\000s\000s\000\040\000R\000e\000f\000e\000r\000e\000n\000c\000e}{chapter.5}% 130
\BOOKMARK [1][-]{section.5.36}{\376\377\0005\000.\0003\0006\000\040\000H\000o\000m\000e\000V\000i\000e\000w\000O\000b\000j\000e\000c\000t\000\040\000S\000t\000r\000u\000c\000t\000\040\000R\000e\000f\000e\000r\000e\000n\000c\000e}{chapter.5}% 131
\BOOKMARK [2][-]{subsection.5.36.1}{\376\377\0005\000.\0003\0006\000.\0001\000\040\000D\000e\000t\000a\000i\000l\000e\000d\000\040\000D\000e\000s\000c\000r\000i\000p\000t\000i\000o\000n}{section.5.36}% 132
\BOOKMARK [1][-]{section.5.37}{\376\377\0005\000.\0003\0007\000\040\000M\000a\000i\000n\000\040\000C\000l\000a\000s\000s\000\040\000R\000e\000f\000e\000r\000e\000n\000c\000e}{chapter.5}% 133
\BOOKMARK [1][-]{section.5.38}{\376\377\0005\000.\0003\0008\000\040\000s\000b\000m\000e\0002\0008\0000\000\137\000c\000a\000l\000i\000b\000\137\000d\000a\000t\000a\000\040\000S\000t\000r\000u\000c\000t\000\040\000R\000e\000f\000e\000r\000e\000n\000c\000e}{chapter.5}% 134
\BOOKMARK [1][-]{section.5.39}{\376\377\0005\000.\0003\0009\000\040\000s\000b\000m\000e\0002\0008\0000\000\137\000d\000a\000t\000a\000\040\000S\000t\000r\000u\000c\000t\000\040\000R\000e\000f\000e\000r\000e\000n\000c\000e}{chapter.5}% 135
\BOOKMARK [2][-]{subsection.5.39.1}{\376\377\0005\000.\0003\0009\000.\0001\000\040\000D\000e\000t\000a\000i\000l\000e\000d\000\040\000D\000e\000s\000c\000r\000i\000p\000t\000i\000o\000n}{section.5.39}% 136
\BOOKMARK [2][-]{subsection.5.39.2}{\376\377\0005\000.\0003\0009\000.\0002\000\040\000M\000e\000m\000b\000e\000r\000\040\000D\000a\000t\000a\000\040\000D\000o\000c\000u\000m\000e\000n\000t\000a\000t\000i\000o\000n}{section.5.39}% 137
\BOOKMARK [3][-]{subsubsection.5.39.2.1}{\376\377\0005\000.\0003\0009\000.\0002\000.\0001\000\040\000h\000u\000m\000i\000d\000i\000t\000y}{subsection.5.39.2}% 138
\BOOKMARK [3][-]{subsubsection.5.39.2.2}{\376\377\0005\000.\0003\0009\000.\0002\000.\0002\000\040\000p\000r\000e\000s\000s\000u\000r\000e}{subsection.5.39.2}% 139
\BOOKMARK [3][-]{subsubsection.5.39.2.3}{\376\377\0005\000.\0003\0009\000.\0002\000.\0003\000\040\000t\000e\000m\000p\000e\000r\000a\000t\000u\000r\000e}{subsection.5.39.2}% 140
\BOOKMARK [1][-]{section.5.40}{\376\377\0005\000.\0004\0000\000\040\000s\000b\000m\000e\0002\0008\0000\000\137\000d\000e\000v\000\040\000S\000t\000r\000u\000c\000t\000\040\000R\000e\000f\000e\000r\000e\000n\000c\000e}{chapter.5}% 141
\BOOKMARK [2][-]{subsection.5.40.1}{\376\377\0005\000.\0004\0000\000.\0001\000\040\000D\000e\000t\000a\000i\000l\000e\000d\000\040\000D\000e\000s\000c\000r\000i\000p\000t\000i\000o\000n}{section.5.40}% 142
\BOOKMARK [2][-]{subsection.5.40.2}{\376\377\0005\000.\0004\0000\000.\0002\000\040\000M\000e\000m\000b\000e\000r\000\040\000D\000a\000t\000a\000\040\000D\000o\000c\000u\000m\000e\000n\000t\000a\000t\000i\000o\000n}{section.5.40}% 143
\BOOKMARK [3][-]{subsubsection.5.40.2.1}{\376\377\0005\000.\0004\0000\000.\0002\000.\0001\000\040\000c\000a\000l\000i\000b\000\137\000d\000a\000t\000a}{subsection.5.40.2}% 144
\BOOKMARK [3][-]{subsubsection.5.40.2.2}{\376\377\0005\000.\0004\0000\000.\0002\000.\0002\000\040\000c\000o\000m\000p\000\137\000d\000a\000t\000a}{subsection.5.40.2}% 145
\BOOKMARK [3][-]{subsubsection.5.40.2.3}{\376\377\0005\000.\0004\0000\000.\0002\000.\0003\000\040\000d\000e\000v\000\137\000i\000d}{subsection.5.40.2}% 146
\BOOKMARK [3][-]{subsubsection.5.40.2.4}{\376\377\0005\000.\0004\0000\000.\0002\000.\0004\000\040\000s\000e\000t\000t\000i\000n\000g\000s}{subsection.5.40.2}% 147
\BOOKMARK [3][-]{subsubsection.5.40.2.5}{\376\377\0005\000.\0004\0000\000.\0002\000.\0005\000\040\000u\000n\000c\000o\000m\000p\000\137\000d\000a\000t\000a}{subsection.5.40.2}% 148
\BOOKMARK [1][-]{section.5.41}{\376\377\0005\000.\0004\0001\000\040\000s\000b\000m\000e\0002\0008\0000\000\137\000s\000e\000t\000t\000i\000n\000g\000\040\000S\000t\000r\000u\000c\000t\000\040\000R\000e\000f\000e\000r\000e\000n\000c\000e}{chapter.5}% 149
\BOOKMARK [2][-]{subsection.5.41.1}{\376\377\0005\000.\0004\0001\000.\0001\000\040\000D\000e\000t\000a\000i\000l\000e\000d\000\040\000D\000e\000s\000c\000r\000i\000p\000t\000i\000o\000n}{section.5.41}% 150
\BOOKMARK [2][-]{subsection.5.41.2}{\376\377\0005\000.\0004\0001\000.\0002\000\040\000M\000e\000m\000b\000e\000r\000\040\000D\000a\000t\000a\000\040\000D\000o\000c\000u\000m\000e\000n\000t\000a\000t\000i\000o\000n}{section.5.41}% 151
\BOOKMARK [3][-]{subsubsection.5.41.2.1}{\376\377\0005\000.\0004\0001\000.\0002\000.\0001\000\040\000f\000i\000l\000t\000e\000r}{subsection.5.41.2}% 152
\BOOKMARK [3][-]{subsubsection.5.41.2.2}{\376\377\0005\000.\0004\0001\000.\0002\000.\0002\000\040\000o\000s\000r\000\137\000h}{subsection.5.41.2}% 153
\BOOKMARK [3][-]{subsubsection.5.41.2.3}{\376\377\0005\000.\0004\0001\000.\0002\000.\0003\000\040\000o\000s\000r\000\137\000t}{subsection.5.41.2}% 154
\BOOKMARK [3][-]{subsubsection.5.41.2.4}{\376\377\0005\000.\0004\0001\000.\0002\000.\0004\000\040\000p\000o\000w\000e\000r\000\137\000m\000o\000d\000e}{subsection.5.41.2}% 155
\BOOKMARK [3][-]{subsubsection.5.41.2.5}{\376\377\0005\000.\0004\0001\000.\0002\000.\0005\000\040\000s\000t\000a\000n\000d\000b\000y\000\137\000t\000i\000m\000e}{subsection.5.41.2}% 156
\BOOKMARK [1][-]{section.5.42}{\376\377\0005\000.\0004\0002\000\040\000s\000b\000m\000e\0002\0008\0000\000\137\000u\000n\000c\000o\000m\000p\000\137\000d\000a\000t\000a\000\040\000S\000t\000r\000u\000c\000t\000\040\000R\000e\000f\000e\000r\000e\000n\000c\000e}{chapter.5}% 157
\BOOKMARK [1][-]{section.5.43}{\376\377\0005\000.\0004\0003\000\040\000S\000e\000t\000t\000i\000n\000g\000\040\000C\000l\000a\000s\000s\000\040\000R\000e\000f\000e\000r\000e\000n\000c\000e}{chapter.5}% 158
\BOOKMARK [1][-]{section.5.44}{\376\377\0005\000.\0004\0004\000\040\000T\000a\000n\000k\000\040\000C\000l\000a\000s\000s\000\040\000R\000e\000f\000e\000r\000e\000n\000c\000e}{chapter.5}% 159
\BOOKMARK [2][-]{subsection.5.44.1}{\376\377\0005\000.\0004\0004\000.\0001\000\040\000C\000o\000n\000s\000t\000r\000u\000c\000t\000o\000r\000\040\000\046\000\040\000D\000e\000s\000t\000r\000u\000c\000t\000o\000r\000\040\000D\000o\000c\000u\000m\000e\000n\000t\000a\000t\000i\000o\000n}{section.5.44}% 160
\BOOKMARK [3][-]{subsubsection.5.44.1.1}{\376\377\0005\000.\0004\0004\000.\0001\000.\0001\000\040\000T\000a\000n\000k\000\050\000\051}{subsection.5.44.1}% 161
\BOOKMARK [1][-]{section.5.45}{\376\377\0005\000.\0004\0005\000\040\000T\000a\000n\000k\000O\000b\000j\000e\000c\000t\000N\000a\000m\000e\000\040\000S\000t\000r\000u\000c\000t\000\040\000R\000e\000f\000e\000r\000e\000n\000c\000e}{chapter.5}% 162
\BOOKMARK [2][-]{subsection.5.45.1}{\376\377\0005\000.\0004\0005\000.\0001\000\040\000D\000e\000t\000a\000i\000l\000e\000d\000\040\000D\000e\000s\000c\000r\000i\000p\000t\000i\000o\000n}{section.5.45}% 163
\BOOKMARK [1][-]{section.5.46}{\376\377\0005\000.\0004\0006\000\040\000t\000i\000m\000e\000r\000t\000h\000r\000e\000a\000d\000\040\000C\000l\000a\000s\000s\000\040\000R\000e\000f\000e\000r\000e\000n\000c\000e}{chapter.5}% 164
\BOOKMARK [2][-]{subsection.5.46.1}{\376\377\0005\000.\0004\0006\000.\0001\000\040\000M\000e\000m\000b\000e\000r\000\040\000F\000u\000n\000c\000t\000i\000o\000n\000\040\000D\000o\000c\000u\000m\000e\000n\000t\000a\000t\000i\000o\000n}{section.5.46}% 165
\BOOKMARK [3][-]{subsubsection.5.46.1.1}{\376\377\0005\000.\0004\0006\000.\0001\000.\0001\000\040\000m\000s\000l\000e\000e\000p\000\050\000\051}{subsection.5.46.1}% 166
\BOOKMARK [3][-]{subsubsection.5.46.1.2}{\376\377\0005\000.\0004\0006\000.\0001\000.\0002\000\040\000r\000u\000n\000\050\000\051}{subsection.5.46.1}% 167
\BOOKMARK [3][-]{subsubsection.5.46.1.3}{\376\377\0005\000.\0004\0006\000.\0001\000.\0003\000\040\000s\000l\000e\000e\000p\000\050\000\051}{subsection.5.46.1}% 168
\BOOKMARK [3][-]{subsubsection.5.46.1.4}{\376\377\0005\000.\0004\0006\000.\0001\000.\0004\000\040\000s\000t\000a\000r\000t\000W\000o\000r\000k\000i\000n\000g\000\050\000\051}{subsection.5.46.1}% 169
\BOOKMARK [3][-]{subsubsection.5.46.1.5}{\376\377\0005\000.\0004\0006\000.\0001\000.\0005\000\040\000s\000t\000o\000p\000W\000o\000r\000k\000i\000n\000g\000\050\000\051}{subsection.5.46.1}% 170
\BOOKMARK [3][-]{subsubsection.5.46.1.6}{\376\377\0005\000.\0004\0006\000.\0001\000.\0006\000\040\000u\000s\000l\000e\000e\000p\000\050\000\051}{subsection.5.46.1}% 171
\BOOKMARK [0][-]{chapter.6}{\376\377\0006\000\040\000F\000i\000l\000e\000\040\000D\000o\000c\000u\000m\000e\000n\000t\000a\000t\000i\000o\000n}{}% 172
\BOOKMARK [1][-]{section.6.1}{\376\377\0006\000.\0001\000\040\000S\000m\000a\000r\000t\000H\000o\000m\000e\000D\000o\000m\000o\000t\000i\000c\000/\000D\000a\000t\000a\000M\000a\000n\000a\000g\000e\000r\000/\000d\000a\000t\000a\000F\000r\000a\000m\000e\000.\000h\000\040\000F\000i\000l\000e\000\040\000R\000e\000f\000e\000r\000e\000n\000c\000e}{chapter.6}% 173
\BOOKMARK [1][-]{section.6.2}{\376\377\0006\000.\0002\000\040\000S\000m\000a\000r\000t\000H\000o\000m\000e\000D\000o\000m\000o\000t\000i\000c\000/\000D\000a\000t\000a\000M\000a\000n\000a\000g\000e\000r\000/\000d\000a\000t\000a\000m\000a\000n\000a\000g\000e\000r\000.\000h\000\040\000F\000i\000l\000e\000\040\000R\000e\000f\000e\000r\000e\000n\000c\000e}{chapter.6}% 174
\BOOKMARK [2][-]{subsection.6.2.1}{\376\377\0006\000.\0002\000.\0001\000\040\000D\000e\000t\000a\000i\000l\000e\000d\000\040\000D\000e\000s\000c\000r\000i\000p\000t\000i\000o\000n}{section.6.2}% 175
\BOOKMARK [1][-]{section.6.3}{\376\377\0006\000.\0003\000\040\000S\000m\000a\000r\000t\000H\000o\000m\000e\000D\000o\000m\000o\000t\000i\000c\000/\000e\000r\000r\000o\000r\000m\000a\000n\000a\000g\000e\000r\000.\000h\000\040\000F\000i\000l\000e\000\040\000R\000e\000f\000e\000r\000e\000n\000c\000e}{chapter.6}% 176
\BOOKMARK [2][-]{subsection.6.3.1}{\376\377\0006\000.\0003\000.\0001\000\040\000D\000e\000t\000a\000i\000l\000e\000d\000\040\000D\000e\000s\000c\000r\000i\000p\000t\000i\000o\000n}{section.6.3}% 177
\BOOKMARK [1][-]{section.6.4}{\376\377\0006\000.\0004\000\040\000S\000m\000a\000r\000t\000H\000o\000m\000e\000D\000o\000m\000o\000t\000i\000c\000/\000g\000l\000o\000b\000a\000l\000E\000n\000u\000m\000a\000t\000e\000d\000A\000n\000d\000E\000x\000t\000e\000r\000n\000.\000h\000\040\000F\000i\000l\000e\000\040\000R\000e\000f\000e\000r\000e\000n\000c\000e}{chapter.6}% 178
\BOOKMARK [2][-]{subsection.6.4.1}{\376\377\0006\000.\0004\000.\0001\000\040\000D\000e\000t\000a\000i\000l\000e\000d\000\040\000D\000e\000s\000c\000r\000i\000p\000t\000i\000o\000n}{section.6.4}% 179
\BOOKMARK [1][-]{section.6.5}{\376\377\0006\000.\0005\000\040\000S\000m\000a\000r\000t\000H\000o\000m\000e\000D\000o\000m\000o\000t\000i\000c\000/\000t\000a\000n\000k\000.\000h\000\040\000F\000i\000l\000e\000\040\000R\000e\000f\000e\000r\000e\000n\000c\000e}{chapter.6}% 180
\BOOKMARK [2][-]{subsection.6.5.1}{\376\377\0006\000.\0005\000.\0001\000\040\000D\000e\000t\000a\000i\000l\000e\000d\000\040\000D\000e\000s\000c\000r\000i\000p\000t\000i\000o\000n}{section.6.5}% 181
\BOOKMARK [1][-]{section.6.6}{\376\377\0006\000.\0006\000\040\000S\000m\000a\000r\000t\000H\000o\000m\000e\000D\000o\000m\000o\000t\000i\000c\000/\000T\000i\000m\000e\000r\000T\000h\000r\000e\000a\000d\000.\000h\000\040\000F\000i\000l\000e\000\040\000R\000e\000f\000e\000r\000e\000n\000c\000e}{chapter.6}% 182
\BOOKMARK [2][-]{subsection.6.6.1}{\376\377\0006\000.\0006\000.\0001\000\040\000D\000e\000t\000a\000i\000l\000e\000d\000\040\000D\000e\000s\000c\000r\000i\000p\000t\000i\000o\000n}{section.6.6}% 183
\BOOKMARK [0][-]{section*.72}{\376\377\000I\000n\000d\000e\000x}{}% 184
